[debug] [2023-06-25T16:25:25.496Z] ----------------------------------------------------------------------
[debug] [2023-06-25T16:25:25.500Z] Command:       C:\Program Files\nodejs\node.exe C:\Users\alial\AppData\Roaming\npm\node_modules\firebase-tools\lib\bin\firebase.js init
[debug] [2023-06-25T16:25:25.500Z] CLI Version:   12.4.0
[debug] [2023-06-25T16:25:25.500Z] Platform:      win32
[debug] [2023-06-25T16:25:25.501Z] Node Version:  v19.7.0
[debug] [2023-06-25T16:25:25.501Z] Time:          Sun Jun 25 2023 11:25:25 GMT-0500 (Central Daylight Time)
[debug] [2023-06-25T16:25:25.501Z] ----------------------------------------------------------------------
[debug] 
[debug] [2023-06-25T16:25:25.510Z] > command requires scopes: ["email","openid","https://www.googleapis.com/auth/cloudplatformprojects.readonly","https://www.googleapis.com/auth/firebase","https://www.googleapis.com/auth/cloud-platform"]
[debug] [2023-06-25T16:25:25.510Z] > authorizing via signed-in user (alialchi07@gmail.com)
[info] 
     ######## #### ########  ######## ########     ###     ######  ########
     ##        ##  ##     ## ##       ##     ##  ##   ##  ##       ##
     ######    ##  ########  ######   ########  #########  ######  ######
     ##        ##  ##    ##  ##       ##     ## ##     ##       ## ##
     ##       #### ##     ## ######## ########  ##     ##  ######  ########

You're about to initialize a Firebase project in this directory:

  C:\Users\alial\OneDrive\Desktop\in progress\mttchat\frontend

[info] 
=== Project Setup
[info] 
[info] First, let's associate this project directory with a Firebase project.
[info] You can create multiple project aliases by running firebase use --add, 
[info] but for now we'll just set up a default project.
[info] 
[debug] [2023-06-25T16:25:36.771Z] >>> [apiv2][query] GET https://firebase.googleapis.com/v1beta1/projects pageSize=100
[debug] [2023-06-25T16:25:37.203Z] <<< [apiv2][status] GET https://firebase.googleapis.com/v1beta1/projects 200
[debug] [2023-06-25T16:25:37.204Z] <<< [apiv2][body] GET https://firebase.googleapis.com/v1beta1/projects [omitted]
